This file contains any messages produced by compilers while
running configure, to aid debugging if configure makes a mistake.

It was created by QLBar configure 0.1.4, which was
generated by GNU Autoconf 2.61.  Invocation command line was

  $ ./configure --no-create --no-recursion

## --------- ##
## Platform. ##
## --------- ##

hostname = pablo
uname -m = i686
uname -r = 2.6.25.2
uname -s = Linux
uname -v = #1 SMP Fri May 9 13:22:53 CEST 2008

/usr/bin/uname -p = Intel(R) Core(TM)2 CPU         T5600  @ 1.83GHz
/bin/uname -X     = unknown

/bin/arch              = i686
/usr/bin/arch -k       = unknown
/usr/convex/getsysinfo = unknown
/usr/bin/hostinfo      = unknown
/bin/machine           = unknown
/usr/bin/oslevel       = unknown
/bin/universe          = unknown

PATH: /usr/local/bin
PATH: /usr/bin
PATH: /bin
PATH: /usr/games
PATH: /usr/lib/java/bin
PATH: /usr/lib/java/jre/bin
PATH: /usr/lib/java/bin
PATH: /usr/lib/java/jre/bin
PATH: /usr/lib/qt/bin
PATH: /usr/share/texmf/bin
PATH: .
PATH: /home/pablo/bin
PATH: /sbin
PATH: /usr/sbin
PATH: /usr/local/pgsql/bin
PATH: /usr/share/texmf/bin
PATH: /usr/local/pgsql/bin
PATH: /usr/local/sbin


## ----------- ##
## Core tests. ##
## ----------- ##

configure:1794: checking for a BSD-compatible install
configure:1850: result: /usr/bin/ginstall -c
configure:1861: checking whether build environment is sane
configure:1904: result: yes
configure:1969: checking for gawk
configure:1985: found /usr/bin/gawk
configure:1996: result: gawk
configure:2007: checking whether make sets $(MAKE)
configure:2028: result: yes
configure:2276: checking for g++
configure:2292: found /usr/bin/g++
configure:2303: result: g++
configure:2334: checking for C++ compiler version
configure:2341: g++ --version >&5
g++ (GCC) 4.1.2
Copyright (C) 2006 Free Software Foundation, Inc.
This is free software; see the source for copying conditions.  There is NO
warranty; not even for MERCHANTABILITY or FITNESS FOR A PARTICULAR PURPOSE.

configure:2344: $? = 0
configure:2351: g++ -v >&5
Reading specs from /usr/lib/gcc/i486-slackware-linux/4.1.2/specs
Target: i486-slackware-linux
Configured with: ../gcc-4.1.2/configure --prefix=/usr --enable-shared --enable-languages=ada,c,c++,fortran,java,objc --enable-threads=posix --enable-__cxa_atexit --disable-checking --with-gnu-ld --verbose --with-arch=i486 --target=i486-slackware-linux --host=i486-slackware-linux
Thread model: posix
gcc version 4.1.2
configure:2354: $? = 0
configure:2361: g++ -V >&5
g++: '-V' option must have argument
configure:2364: $? = 1
configure:2387: checking for C++ compiler default output file name
configure:2414: g++    conftest.cpp  >&5
configure:2417: $? = 0
configure:2455: result: a.out
configure:2472: checking whether the C++ compiler works
configure:2482: ./a.out
configure:2485: $? = 0
configure:2502: result: yes
configure:2509: checking whether we are cross compiling
configure:2511: result: no
configure:2514: checking for suffix of executables
configure:2521: g++ -o conftest    conftest.cpp  >&5
configure:2524: $? = 0
configure:2548: result: 
configure:2554: checking for suffix of object files
configure:2580: g++ -c   conftest.cpp >&5
configure:2583: $? = 0
configure:2606: result: o
configure:2610: checking whether we are using the GNU C++ compiler
configure:2639: g++ -c   conftest.cpp >&5
configure:2645: $? = 0
configure:2662: result: yes
configure:2667: checking whether g++ accepts -g
configure:2697: g++ -c -g  conftest.cpp >&5
configure:2703: $? = 0
configure:2802: result: yes
configure:2836: checking for style of include used by make
configure:2864: result: GNU
configure:2892: checking dependency style of g++
configure:2982: result: gcc3
configure:3047: checking for gcc
configure:3063: found /usr/bin/gcc
configure:3074: result: gcc
configure:3312: checking for C compiler version
configure:3319: gcc --version >&5
gcc (GCC) 4.1.2
Copyright (C) 2006 Free Software Foundation, Inc.
This is free software; see the source for copying conditions.  There is NO
warranty; not even for MERCHANTABILITY or FITNESS FOR A PARTICULAR PURPOSE.

configure:3322: $? = 0
configure:3329: gcc -v >&5
Reading specs from /usr/lib/gcc/i486-slackware-linux/4.1.2/specs
Target: i486-slackware-linux
Configured with: ../gcc-4.1.2/configure --prefix=/usr --enable-shared --enable-languages=ada,c,c++,fortran,java,objc --enable-threads=posix --enable-__cxa_atexit --disable-checking --with-gnu-ld --verbose --with-arch=i486 --target=i486-slackware-linux --host=i486-slackware-linux
Thread model: posix
gcc version 4.1.2
configure:3332: $? = 0
configure:3339: gcc -V >&5
gcc: '-V' option must have argument
configure:3342: $? = 1
configure:3345: checking whether we are using the GNU C compiler
configure:3374: gcc -c   conftest.c >&5
configure:3380: $? = 0
configure:3397: result: yes
configure:3402: checking whether gcc accepts -g
configure:3432: gcc -c -g  conftest.c >&5
configure:3438: $? = 0
configure:3537: result: yes
configure:3554: checking for gcc option to accept ISO C89
configure:3628: gcc  -c -g -O2  conftest.c >&5
configure:3634: $? = 0
configure:3657: result: none needed
configure:3677: checking dependency style of gcc
configure:3767: result: gcc3
configure:3788: checking for imlib_load_image in -lImlib2
configure:3823: gcc -o conftest -g -O2   conftest.c -lImlib2   >&5
configure:3829: $? = 0
configure:3847: result: yes
configure:3861: checking for XShapeCombineMask in -lXext
configure:3896: gcc -o conftest -g -O2   conftest.c -lXext  -lImlib2  >&5
configure:3902: $? = 0
configure:3920: result: yes
configure:3934: checking for pthread_create in -lpthread
configure:3969: gcc -o conftest -g -O2   conftest.c -lpthread  -lXext -lImlib2  >&5
configure:3975: $? = 0
configure:3993: result: yes
configure:4013: checking how to run the C preprocessor
configure:4053: gcc -E  conftest.c
configure:4059: $? = 0
configure:4090: gcc -E  conftest.c
conftest.c:13:28: error: ac_nonexistent.h: No such file or directory
configure:4096: $? = 1
configure: failed program was:
| /* confdefs.h.  */
| #define PACKAGE_NAME "QLBar"
| #define PACKAGE_TARNAME "qlbar"
| #define PACKAGE_VERSION "0.1.4"
| #define PACKAGE_STRING "QLBar 0.1.4"
| #define PACKAGE_BUGREPORT "pablo@wizard.ae.krakow.pl"
| #define PACKAGE "qlbar"
| #define VERSION "0.1.4"
| #define HAVE_LIBIMLIB2 1
| #define HAVE_LIBXEXT 1
| #define HAVE_LIBPTHREAD 1
| /* end confdefs.h.  */
| #include <ac_nonexistent.h>
configure:4129: result: gcc -E
configure:4158: gcc -E  conftest.c
configure:4164: $? = 0
configure:4195: gcc -E  conftest.c
conftest.c:13:28: error: ac_nonexistent.h: No such file or directory
configure:4201: $? = 1
configure: failed program was:
| /* confdefs.h.  */
| #define PACKAGE_NAME "QLBar"
| #define PACKAGE_TARNAME "qlbar"
| #define PACKAGE_VERSION "0.1.4"
| #define PACKAGE_STRING "QLBar 0.1.4"
| #define PACKAGE_BUGREPORT "pablo@wizard.ae.krakow.pl"
| #define PACKAGE "qlbar"
| #define VERSION "0.1.4"
| #define HAVE_LIBIMLIB2 1
| #define HAVE_LIBXEXT 1
| #define HAVE_LIBPTHREAD 1
| /* end confdefs.h.  */
| #include <ac_nonexistent.h>
configure:4239: checking for X
configure:4409: gcc -o conftest -g -O2   conftest.c -lX11 -lpthread -lXext -lImlib2  >&5
configure:4415: $? = 0
configure:4474: result: libraries , headers 
configure:4478: checking for grep that handles long lines and -e
configure:4552: result: /usr/bin/grep
configure:4557: checking for egrep
configure:4635: result: /usr/bin/grep -E
configure:4640: checking for ANSI C header files
configure:4670: gcc -c -g -O2  conftest.c >&5
configure:4676: $? = 0
configure:4775: gcc -o conftest -g -O2   conftest.c -lpthread -lXext -lImlib2  >&5
configure:4778: $? = 0
configure:4784: ./conftest
configure:4787: $? = 0
configure:4804: result: yes
configure:4814: checking for sys/wait.h that is POSIX.1 compatible
configure:4850: gcc -c -g -O2  conftest.c >&5
configure:4856: $? = 0
configure:4871: result: yes
configure:4895: checking for sys/types.h
configure:4916: gcc -c -g -O2  conftest.c >&5
configure:4922: $? = 0
configure:4938: result: yes
configure:4895: checking for sys/stat.h
configure:4916: gcc -c -g -O2  conftest.c >&5
configure:4922: $? = 0
configure:4938: result: yes
configure:4895: checking for stdlib.h
configure:4916: gcc -c -g -O2  conftest.c >&5
configure:4922: $? = 0
configure:4938: result: yes
configure:4895: checking for string.h
configure:4916: gcc -c -g -O2  conftest.c >&5
configure:4922: $? = 0
configure:4938: result: yes
configure:4895: checking for memory.h
configure:4916: gcc -c -g -O2  conftest.c >&5
configure:4922: $? = 0
configure:4938: result: yes
configure:4895: checking for strings.h
configure:4916: gcc -c -g -O2  conftest.c >&5
configure:4922: $? = 0
configure:4938: result: yes
configure:4895: checking for inttypes.h
configure:4916: gcc -c -g -O2  conftest.c >&5
configure:4922: $? = 0
configure:4938: result: yes
configure:4895: checking for stdint.h
configure:4916: gcc -c -g -O2  conftest.c >&5
configure:4922: $? = 0
configure:4938: result: yes
configure:4895: checking for unistd.h
configure:4916: gcc -c -g -O2  conftest.c >&5
configure:4922: $? = 0
configure:4938: result: yes
configure:4956: checking for stdlib.h
configure:4962: result: yes
configure:4956: checking for unistd.h
configure:4962: result: yes
configure:5098: checking for stdbool.h that conforms to C99
configure:5191: gcc -c -g -O2  conftest.c >&5
configure:5197: $? = 0
configure:5212: result: yes
configure:5214: checking for _Bool
configure:5244: gcc -c -g -O2  conftest.c >&5
configure:5250: $? = 0
configure:5265: result: yes
configure:5284: checking for an ANSI C-conforming const
configure:5359: gcc -c -g -O2  conftest.c >&5
configure:5365: $? = 0
configure:5380: result: yes
configure:5390: checking for pid_t
configure:5420: gcc -c -g -O2  conftest.c >&5
configure:5426: $? = 0
configure:5441: result: yes
configure:5470: checking vfork.h usability
configure:5487: gcc -c -g -O2  conftest.c >&5
conftest.c:61:19: error: vfork.h: No such file or directory
configure:5493: $? = 1
configure: failed program was:
| /* confdefs.h.  */
| #define PACKAGE_NAME "QLBar"
| #define PACKAGE_TARNAME "qlbar"
| #define PACKAGE_VERSION "0.1.4"
| #define PACKAGE_STRING "QLBar 0.1.4"
| #define PACKAGE_BUGREPORT "pablo@wizard.ae.krakow.pl"
| #define PACKAGE "qlbar"
| #define VERSION "0.1.4"
| #define HAVE_LIBIMLIB2 1
| #define HAVE_LIBXEXT 1
| #define HAVE_LIBPTHREAD 1
| #define STDC_HEADERS 1
| #define HAVE_SYS_WAIT_H 1
| #define HAVE_SYS_TYPES_H 1
| #define HAVE_SYS_STAT_H 1
| #define HAVE_STDLIB_H 1
| #define HAVE_STRING_H 1
| #define HAVE_MEMORY_H 1
| #define HAVE_STRINGS_H 1
| #define HAVE_INTTYPES_H 1
| #define HAVE_STDINT_H 1
| #define HAVE_UNISTD_H 1
| #define HAVE_STDLIB_H 1
| #define HAVE_UNISTD_H 1
| #define HAVE__BOOL 1
| #define HAVE_STDBOOL_H 1
| /* end confdefs.h.  */
| #include <stdio.h>
| #ifdef HAVE_SYS_TYPES_H
| # include <sys/types.h>
| #endif
| #ifdef HAVE_SYS_STAT_H
| # include <sys/stat.h>
| #endif
| #ifdef STDC_HEADERS
| # include <stdlib.h>
| # include <stddef.h>
| #else
| # ifdef HAVE_STDLIB_H
| #  include <stdlib.h>
| # endif
| #endif
| #ifdef HAVE_STRING_H
| # if !defined STDC_HEADERS && defined HAVE_MEMORY_H
| #  include <memory.h>
| # endif
| # include <string.h>
| #endif
| #ifdef HAVE_STRINGS_H
| # include <strings.h>
| #endif
| #ifdef HAVE_INTTYPES_H
| # include <inttypes.h>
| #endif
| #ifdef HAVE_STDINT_H
| # include <stdint.h>
| #endif
| #ifdef HAVE_UNISTD_H
| # include <unistd.h>
| #endif
| #include <vfork.h>
configure:5507: result: no
configure:5511: checking vfork.h presence
configure:5526: gcc -E  conftest.c
conftest.c:28:19: error: vfork.h: No such file or directory
configure:5532: $? = 1
configure: failed program was:
| /* confdefs.h.  */
| #define PACKAGE_NAME "QLBar"
| #define PACKAGE_TARNAME "qlbar"
| #define PACKAGE_VERSION "0.1.4"
| #define PACKAGE_STRING "QLBar 0.1.4"
| #define PACKAGE_BUGREPORT "pablo@wizard.ae.krakow.pl"
| #define PACKAGE "qlbar"
| #define VERSION "0.1.4"
| #define HAVE_LIBIMLIB2 1
| #define HAVE_LIBXEXT 1
| #define HAVE_LIBPTHREAD 1
| #define STDC_HEADERS 1
| #define HAVE_SYS_WAIT_H 1
| #define HAVE_SYS_TYPES_H 1
| #define HAVE_SYS_STAT_H 1
| #define HAVE_STDLIB_H 1
| #define HAVE_STRING_H 1
| #define HAVE_MEMORY_H 1
| #define HAVE_STRINGS_H 1
| #define HAVE_INTTYPES_H 1
| #define HAVE_STDINT_H 1
| #define HAVE_UNISTD_H 1
| #define HAVE_STDLIB_H 1
| #define HAVE_UNISTD_H 1
| #define HAVE__BOOL 1
| #define HAVE_STDBOOL_H 1
| /* end confdefs.h.  */
| #include <vfork.h>
configure:5546: result: no
configure:5579: checking for vfork.h
configure:5587: result: no
configure:5605: checking for fork
configure:5661: gcc -o conftest -g -O2   conftest.c -lpthread -lXext -lImlib2  >&5
conftest.c:51: warning: conflicting types for built-in function 'fork'
configure:5667: $? = 0
configure:5685: result: yes
configure:5605: checking for vfork
configure:5661: gcc -o conftest -g -O2   conftest.c -lpthread -lXext -lImlib2  >&5
configure:5667: $? = 0
configure:5685: result: yes
configure:5696: checking for working fork
configure:5728: gcc -o conftest -g -O2   conftest.c -lpthread -lXext -lImlib2  >&5
configure:5731: $? = 0
configure:5737: ./conftest
configure:5740: $? = 0
configure:5756: result: yes
configure:5777: checking for working vfork
configure:5915: result: yes
configure:5946: checking whether lstat dereferences a symlink specified with a trailing slash
configure:5982: gcc -o conftest -g -O2   conftest.c -lpthread -lXext -lImlib2  >&5
configure:5985: $? = 0
configure:5991: ./conftest
configure:5994: $? = 0
configure:6017: result: yes
configure:6036: checking whether stat accepts an empty string
configure:6066: gcc -o conftest -g -O2   conftest.c -lpthread -lXext -lImlib2  >&5
configure:6069: $? = 0
configure:6075: ./conftest
configure:6078: $? = 0
configure:6094: result: no
configure:6114: checking for regcomp
configure:6170: gcc -o conftest -g -O2   conftest.c -lpthread -lXext -lImlib2  >&5
configure:6176: $? = 0
configure:6194: result: yes
configure:6346: creating ./config.status

## ---------------- ##
## Cache variables. ##
## ---------------- ##

ac_cv_c_compiler_gnu=yes
ac_cv_c_const=yes
ac_cv_cxx_compiler_gnu=yes
ac_cv_env_CCC_set=
ac_cv_env_CCC_value=
ac_cv_env_CC_set=
ac_cv_env_CC_value=
ac_cv_env_CFLAGS_set=
ac_cv_env_CFLAGS_value=
ac_cv_env_CPPFLAGS_set=
ac_cv_env_CPPFLAGS_value=
ac_cv_env_CPP_set=
ac_cv_env_CPP_value=
ac_cv_env_CXXFLAGS_set=
ac_cv_env_CXXFLAGS_value=
ac_cv_env_CXX_set=
ac_cv_env_CXX_value=
ac_cv_env_LDFLAGS_set=
ac_cv_env_LDFLAGS_value=
ac_cv_env_LIBS_set=
ac_cv_env_LIBS_value=
ac_cv_env_XMKMF_set=
ac_cv_env_XMKMF_value=
ac_cv_env_build_alias_set=
ac_cv_env_build_alias_value=
ac_cv_env_host_alias_set=
ac_cv_env_host_alias_value=
ac_cv_env_target_alias_set=
ac_cv_env_target_alias_value=
ac_cv_func_fork=yes
ac_cv_func_fork_works=yes
ac_cv_func_lstat_dereferences_slashed_symlink=yes
ac_cv_func_regcomp=yes
ac_cv_func_stat_empty_string_bug=no
ac_cv_func_vfork=yes
ac_cv_func_vfork_works=yes
ac_cv_have_x='have_x=yes	ac_x_includes='\'''\''	ac_x_libraries='\'''\'''
ac_cv_header_inttypes_h=yes
ac_cv_header_memory_h=yes
ac_cv_header_stdbool_h=yes
ac_cv_header_stdc=yes
ac_cv_header_stdint_h=yes
ac_cv_header_stdlib_h=yes
ac_cv_header_string_h=yes
ac_cv_header_strings_h=yes
ac_cv_header_sys_stat_h=yes
ac_cv_header_sys_types_h=yes
ac_cv_header_sys_wait_h=yes
ac_cv_header_unistd_h=yes
ac_cv_header_vfork_h=no
ac_cv_lib_Imlib2_imlib_load_image=yes
ac_cv_lib_Xext_XShapeCombineMask=yes
ac_cv_lib_pthread_pthread_create=yes
ac_cv_objext=o
ac_cv_path_EGREP='/usr/bin/grep -E'
ac_cv_path_GREP=/usr/bin/grep
ac_cv_path_install='/usr/bin/ginstall -c'
ac_cv_prog_AWK=gawk
ac_cv_prog_CPP='gcc -E'
ac_cv_prog_ac_ct_CC=gcc
ac_cv_prog_ac_ct_CXX=g++
ac_cv_prog_cc_c89=
ac_cv_prog_cc_g=yes
ac_cv_prog_cxx_g=yes
ac_cv_prog_make_make_set=yes
ac_cv_type__Bool=yes
ac_cv_type_pid_t=yes
am_cv_CC_dependencies_compiler_type=gcc3
am_cv_CXX_dependencies_compiler_type=gcc3

## ----------------- ##
## Output variables. ##
## ----------------- ##

ACLOCAL='${SHELL} /home/pablo/projects/qlbar/qlbar-0.1.4/missing --run aclocal-1.9'
AMDEPBACKSLASH='\'
AMDEP_FALSE='#'
AMDEP_TRUE=''
AMTAR='${SHELL} /home/pablo/projects/qlbar/qlbar-0.1.4/missing --run tar'
AUTOCONF='${SHELL} /home/pablo/projects/qlbar/qlbar-0.1.4/missing --run autoconf'
AUTOHEADER='${SHELL} /home/pablo/projects/qlbar/qlbar-0.1.4/missing --run autoheader'
AUTOMAKE='${SHELL} /home/pablo/projects/qlbar/qlbar-0.1.4/missing --run automake-1.9'
AWK='gawk'
CC='gcc'
CCDEPMODE='depmode=gcc3'
CFLAGS='-g -O2'
CPP='gcc -E'
CPPFLAGS=''
CXX='g++'
CXXDEPMODE='depmode=gcc3'
CXXFLAGS='-g -O2'
CYGPATH_W='echo'
DEFS='-DHAVE_CONFIG_H'
DEPDIR='.deps'
ECHO_C=''
ECHO_N='-n'
ECHO_T=''
EGREP='/usr/bin/grep -E'
EXEEXT=''
GREP='/usr/bin/grep'
INSTALL_DATA='${INSTALL} -m 644'
INSTALL_PROGRAM='${INSTALL}'
INSTALL_SCRIPT='${INSTALL}'
INSTALL_STRIP_PROGRAM='${SHELL} $(install_sh) -c -s'
LDFLAGS=''
LIBOBJS=''
LIBS='-lpthread -lXext -lImlib2 '
LTLIBOBJS=''
MAKEINFO='${SHELL} /home/pablo/projects/qlbar/qlbar-0.1.4/missing --run makeinfo'
OBJEXT='o'
PACKAGE='qlbar'
PACKAGE_BUGREPORT='pablo@wizard.ae.krakow.pl'
PACKAGE_NAME='QLBar'
PACKAGE_STRING='QLBar 0.1.4'
PACKAGE_TARNAME='qlbar'
PACKAGE_VERSION='0.1.4'
PATH_SEPARATOR=':'
SET_MAKE=''
SHELL='/bin/sh'
STRIP=''
VERSION='0.1.4'
XMKMF=''
ac_ct_CC='gcc'
ac_ct_CXX='g++'
am__fastdepCC_FALSE='#'
am__fastdepCC_TRUE=''
am__fastdepCXX_FALSE='#'
am__fastdepCXX_TRUE=''
am__include='include'
am__leading_dot='.'
am__quote=''
am__tar='${AMTAR} chof - "$$tardir"'
am__untar='${AMTAR} xf -'
bindir='${exec_prefix}/bin'
build_alias=''
datadir='${datarootdir}'
datarootdir='${prefix}/share'
docdir='${datarootdir}/doc/${PACKAGE_TARNAME}'
dvidir='${docdir}'
exec_prefix='${prefix}'
host_alias=''
htmldir='${docdir}'
includedir='${prefix}/include'
infodir='${datarootdir}/info'
install_sh='/home/pablo/projects/qlbar/qlbar-0.1.4/install-sh'
libdir='${exec_prefix}/lib'
libexecdir='${exec_prefix}/libexec'
localedir='${datarootdir}/locale'
localstatedir='${prefix}/var'
mandir='${datarootdir}/man'
mkdir_p='mkdir -p --'
oldincludedir='/usr/include'
pdfdir='${docdir}'
prefix='/usr/local'
program_transform_name='s,x,x,'
psdir='${docdir}'
sbindir='${exec_prefix}/sbin'
sharedstatedir='${prefix}/com'
sysconfdir='${prefix}/etc'
target_alias=''

## ----------- ##
## confdefs.h. ##
## ----------- ##

#define PACKAGE_NAME "QLBar"
#define PACKAGE_TARNAME "qlbar"
#define PACKAGE_VERSION "0.1.4"
#define PACKAGE_STRING "QLBar 0.1.4"
#define PACKAGE_BUGREPORT "pablo@wizard.ae.krakow.pl"
#define PACKAGE "qlbar"
#define VERSION "0.1.4"
#define HAVE_LIBIMLIB2 1
#define HAVE_LIBXEXT 1
#define HAVE_LIBPTHREAD 1
#define STDC_HEADERS 1
#define HAVE_SYS_WAIT_H 1
#define HAVE_SYS_TYPES_H 1
#define HAVE_SYS_STAT_H 1
#define HAVE_STDLIB_H 1
#define HAVE_STRING_H 1
#define HAVE_MEMORY_H 1
#define HAVE_STRINGS_H 1
#define HAVE_INTTYPES_H 1
#define HAVE_STDINT_H 1
#define HAVE_UNISTD_H 1
#define HAVE_STDLIB_H 1
#define HAVE_UNISTD_H 1
#define HAVE__BOOL 1
#define HAVE_STDBOOL_H 1
#define HAVE_FORK 1
#define HAVE_VFORK 1
#define HAVE_WORKING_VFORK 1
#define HAVE_WORKING_FORK 1
#define LSTAT_FOLLOWS_SLASHED_SYMLINK 1
#define HAVE_REGCOMP 1

configure: exit 0

## ---------------------- ##
## Running config.status. ##
## ---------------------- ##

This file was extended by QLBar config.status 0.1.4, which was
generated by GNU Autoconf 2.61.  Invocation command line was

  CONFIG_FILES    = 
  CONFIG_HEADERS  = 
  CONFIG_LINKS    = 
  CONFIG_COMMANDS = 
  $ ./config.status 

on pablo

config.status:641: creating Makefile
config.status:641: creating src/Makefile
config.status:641: creating config.h
config.status:921: executing depfiles commands
